{"contracts/Library.sol":{"l":{"28":6,"29":4,"33":4,"37":4,"45":4,"46":4,"47":4,"48":4,"49":4,"50":4,"51":4,"52":4,"53":4,"60":1,"61":1,"62":1,"63":1,"67":3,"68":3,"69":3,"70":3,"71":3,"72":3,"73":3,"74":3,"75":3,"76":3,"77":3,"81":1,"82":1,"83":1,"84":1,"85":1,"89":1,"90":1,"91":4,"92":3,"95":1,"96":1,"97":1,"98":4,"99":3,"100":3,"103":1,"111":1,"112":1,"113":1,"114":1,"115":2,"117":1,"125":4},"path":"/home/majk/workspace-lime/book-library-2/contracts/Library.sol","s":{"1":6,"2":4,"3":4,"4":4,"5":4,"6":4,"7":4,"8":4,"9":1,"10":1,"11":1,"12":3,"13":3,"14":3,"15":3,"16":3,"17":3,"18":3,"19":1,"20":1,"21":1,"22":1,"23":1,"24":4,"25":1,"26":1,"27":4,"28":1,"29":1,"30":1,"31":1,"32":1,"33":1,"34":4},"b":{"1":[4,2],"2":[6,1],"3":[4,2],"4":[4,0],"5":[1,0],"6":[1,0],"7":[1,0],"8":[3,0],"9":[3,0],"10":[1,0],"11":[3,1],"12":[3,1]},"f":{"1":6,"2":4,"3":4,"4":4,"5":1,"6":3,"7":1,"8":1,"9":1,"10":4},"fnMap":{"1":{"name":"bookNotPresent","line":27,"loc":{"start":{"line":27,"column":4},"end":{"line":30,"column":4}}},"2":{"name":"_getNextBookId","line":32,"loc":{"start":{"line":32,"column":4},"end":{"line":34,"column":4}}},"3":{"name":"_increment","line":36,"loc":{"start":{"line":36,"column":4},"end":{"line":38,"column":4}}},"4":{"name":"addBook","line":43,"loc":{"start":{"line":40,"column":4},"end":{"line":54,"column":4}}},"5":{"name":"addBookCopies","line":58,"loc":{"start":{"line":56,"column":4},"end":{"line":64,"column":4}}},"6":{"name":"borrowBook","line":66,"loc":{"start":{"line":66,"column":4},"end":{"line":78,"column":4}}},"7":{"name":"returnBook","line":80,"loc":{"start":{"line":80,"column":4},"end":{"line":86,"column":4}}},"8":{"name":"getAllAvailableBooks","line":88,"loc":{"start":{"line":88,"column":4},"end":{"line":104,"column":4}}},"9":{"name":"getOwnerHistoryOfBook","line":106,"loc":{"start":{"line":106,"column":4},"end":{"line":118,"column":4}}},"10":{"name":"getBookDetail","line":120,"loc":{"start":{"line":120,"column":4},"end":{"line":126,"column":4}}}},"statementMap":{"1":{"start":{"line":28,"column":8},"end":{"line":28,"column":57}},"2":{"start":{"line":33,"column":8},"end":{"line":33,"column":31}},"3":{"start":{"line":45,"column":8},"end":{"line":45,"column":64}},"4":{"start":{"line":47,"column":8},"end":{"line":47,"column":42}},"5":{"start":{"line":48,"column":8},"end":{"line":48,"column":42}},"6":{"start":{"line":49,"column":8},"end":{"line":49,"column":47}},"7":{"start":{"line":52,"column":8},"end":{"line":52,"column":76}},"8":{"start":{"line":53,"column":8},"end":{"line":53,"column":19}},"9":{"start":{"line":60,"column":8},"end":{"line":60,"column":36}},"10":{"start":{"line":61,"column":8},"end":{"line":61,"column":47}},"11":{"start":{"line":62,"column":8},"end":{"line":62,"column":67}},"12":{"start":{"line":67,"column":8},"end":{"line":67,"column":41}},"13":{"start":{"line":68,"column":8},"end":{"line":68,"column":75}},"14":{"start":{"line":70,"column":8},"end":{"line":70,"column":43}},"15":{"start":{"line":71,"column":8},"end":{"line":71,"column":48}},"16":{"start":{"line":72,"column":8},"end":{"line":72,"column":68}},"17":{"start":{"line":74,"column":8},"end":{"line":74,"column":54}},"18":{"start":{"line":77,"column":8},"end":{"line":77,"column":76}},"19":{"start":{"line":81,"column":8},"end":{"line":81,"column":41}},"20":{"start":{"line":82,"column":8},"end":{"line":82,"column":70}},"21":{"start":{"line":83,"column":8},"end":{"line":83,"column":43}},"22":{"start":{"line":89,"column":8},"end":{"line":89,"column":32}},"23":{"start":{"line":90,"column":8},"end":{"line":90,"column":3009}},"24":{"start":{"line":91,"column":12},"end":{"line":91,"column":3080}},"25":{"start":{"line":95,"column":8},"end":{"line":95,"column":61}},"26":{"start":{"line":97,"column":8},"end":{"line":97,"column":3313}},"27":{"start":{"line":98,"column":12},"end":{"line":98,"column":3384}},"28":{"start":{"line":103,"column":8},"end":{"line":103,"column":21}},"29":{"start":{"line":111,"column":8},"end":{"line":111,"column":52}},"30":{"start":{"line":112,"column":8},"end":{"line":112,"column":80}},"31":{"start":{"line":113,"column":8},"end":{"line":113,"column":75}},"32":{"start":{"line":114,"column":8},"end":{"line":114,"column":3936}},"33":{"start":{"line":117,"column":8},"end":{"line":117,"column":21}},"34":{"start":{"line":125,"column":8},"end":{"line":125,"column":70}}},"branchMap":{"1":{"line":28,"type":"if","locations":[{"start":{"line":28,"column":8},"end":{"line":28,"column":8}},{"start":{"line":28,"column":8},"end":{"line":28,"column":8}}]},"2":{"line":42,"type":"if","locations":[{"start":{"line":42,"column":8},"end":{"line":42,"column":8}},{"start":{"line":42,"column":8},"end":{"line":42,"column":8}}]},"3":{"line":43,"type":"if","locations":[{"start":{"line":43,"column":8},"end":{"line":43,"column":8}},{"start":{"line":43,"column":8},"end":{"line":43,"column":8}}]},"4":{"line":45,"type":"if","locations":[{"start":{"line":45,"column":8},"end":{"line":45,"column":8}},{"start":{"line":45,"column":8},"end":{"line":45,"column":8}}]},"5":{"line":58,"type":"if","locations":[{"start":{"line":58,"column":8},"end":{"line":58,"column":8}},{"start":{"line":58,"column":8},"end":{"line":58,"column":8}}]},"6":{"line":60,"type":"if","locations":[{"start":{"line":60,"column":8},"end":{"line":60,"column":8}},{"start":{"line":60,"column":8},"end":{"line":60,"column":8}}]},"7":{"line":62,"type":"if","locations":[{"start":{"line":62,"column":8},"end":{"line":62,"column":8}},{"start":{"line":62,"column":8},"end":{"line":62,"column":8}}]},"8":{"line":68,"type":"if","locations":[{"start":{"line":68,"column":8},"end":{"line":68,"column":8}},{"start":{"line":68,"column":8},"end":{"line":68,"column":8}}]},"9":{"line":71,"type":"if","locations":[{"start":{"line":71,"column":8},"end":{"line":71,"column":8}},{"start":{"line":71,"column":8},"end":{"line":71,"column":8}}]},"10":{"line":82,"type":"if","locations":[{"start":{"line":82,"column":8},"end":{"line":82,"column":8}},{"start":{"line":82,"column":8},"end":{"line":82,"column":8}}]},"11":{"line":91,"type":"if","locations":[{"start":{"line":91,"column":12},"end":{"line":91,"column":12}},{"start":{"line":91,"column":12},"end":{"line":91,"column":12}}]},"12":{"line":98,"type":"if","locations":[{"start":{"line":98,"column":12},"end":{"line":98,"column":12}},{"start":{"line":98,"column":12},"end":{"line":98,"column":12}}]}}}}