TN:
SF:/home/majk/workspace-lime/book-library-2/contracts/Library.sol
FN:27,bookNotPresent
FN:32,_getNextBookId
FN:36,_increment
FN:43,addBook
FN:58,addBookCopies
FN:66,borrowBook
FN:80,returnBook
FN:88,getAllAvailableBooks
FN:106,getOwnerHistoryOfBook
FN:120,getBookDetail
FNF:10
FNH:10
FNDA:6,bookNotPresent
FNDA:4,_getNextBookId
FNDA:4,_increment
FNDA:4,addBook
FNDA:1,addBookCopies
FNDA:3,borrowBook
FNDA:1,returnBook
FNDA:1,getAllAvailableBooks
FNDA:1,getOwnerHistoryOfBook
FNDA:4,getBookDetail
DA:28,6
DA:29,4
DA:33,4
DA:37,4
DA:45,4
DA:46,4
DA:47,4
DA:48,4
DA:49,4
DA:50,4
DA:51,4
DA:52,4
DA:53,4
DA:60,1
DA:61,1
DA:62,1
DA:63,1
DA:67,3
DA:68,3
DA:69,3
DA:70,3
DA:71,3
DA:72,3
DA:73,3
DA:74,3
DA:75,3
DA:76,3
DA:77,3
DA:81,1
DA:82,1
DA:83,1
DA:84,1
DA:85,1
DA:89,1
DA:90,1
DA:91,4
DA:92,3
DA:95,1
DA:96,1
DA:97,1
DA:98,4
DA:99,3
DA:100,3
DA:103,1
DA:111,1
DA:112,1
DA:113,1
DA:114,1
DA:115,2
DA:117,1
DA:125,4
LF:51
LH:51
BRDA:28,1,0,4
BRDA:28,1,1,2
BRDA:42,2,0,6
BRDA:42,2,1,1
BRDA:43,3,0,4
BRDA:43,3,1,2
BRDA:45,4,0,4
BRDA:45,4,1,0
BRDA:58,5,0,1
BRDA:58,5,1,0
BRDA:60,6,0,1
BRDA:60,6,1,0
BRDA:62,7,0,1
BRDA:62,7,1,0
BRDA:68,8,0,3
BRDA:68,8,1,0
BRDA:71,9,0,3
BRDA:71,9,1,0
BRDA:82,10,0,1
BRDA:82,10,1,0
BRDA:91,11,0,3
BRDA:91,11,1,1
BRDA:98,12,0,3
BRDA:98,12,1,1
BRF:24
BRH:17
end_of_record
